Starting Universal GNN Generation...
Configs: ['KQvK', 'KRvK', 'KBvK', 'KNvK', 'KPvK', 'KQQvK', 'KQRvK', 'KQBvK', 'KQNvK', 'KQPvK', 'KRRvK', 'KRBvK', 'KRNvK', 'KRPvK', 'KBBvK', 'KBNvK', 'KBPvK', 'KNNvK', 'KNPvK', 'KPPvK', 'KQvKQ', 'KQvKR', 'KQvKB', 'KQvKN', 'KQvKP', 'KRvKR', 'KRvKB', 'KRvKN', 'KRvKP', 'KBvKB', 'KBvKN', 'KBvKP', 'KNvKN', 'KNvKP', 'KPvKP', 'KRPvKP', 'KBPvKP', 'KNPvKP', 'KPPvKP', 'KBBvKB', 'KBNvKB', 'KBNvKP', 'KBPvKB', 'KRvKRP', 'KQvKRP', 'KRRvKR', 'KQQvKQ', 'KBBvKR', 'KBNvKR']

[Config: KQvK]
Placements to check: 249,984 (25 chunks)
  Chunk 10/25 | Progress: 40.0% | Speed: 2386 pos/s
  Chunk 20/25 | Progress: 80.0% | Speed: 3705 pos/s
  Chunk 25/25 | Progress: 100.0% | Speed: 4081 pos/s

Config KQvK finished. Total kept so far: 46,137

[Config: KRvK]
Placements to check: 249,984 (25 chunks)
  Chunk 10/25 | Progress: 40.0% | Speed: 1455 pos/s
  Chunk 20/25 | Progress: 80.0% | Speed: 1930 pos/s
  Chunk 25/25 | Progress: 100.0% | Speed: 2403 pos/s

Config KRvK finished. Total kept so far: 96,152

[Config: KBvK]
Placements to check: 249,984 (25 chunks)
  Chunk 10/25 | Progress: 40.0% | Speed: 2390 pos/s
  Chunk 20/25 | Progress: 80.0% | Speed: 3601 pos/s
  Chunk 25/25 | Progress: 100.0% | Speed: 3977 pos/s

Config KBvK finished. Total kept so far: 148,386

[Config: KNvK]
Placements to check: 249,984 (25 chunks)
  Chunk 10/25 | Progress: 40.0% | Speed: 2172 pos/s
  Chunk 20/25 | Progress: 80.0% | Speed: 3422 pos/s
  Chunk 25/25 | Progress: 100.0% | Speed: 3980 pos/s

Config KNvK finished. Total kept so far: 202,192

[Config: KPvK]
Placements to check: 249,984 (25 chunks)
  Chunk 10/25 | Progress: 40.0% | Speed: 1241 pos/s
  Chunk 20/25 | Progress: 80.0% | Speed: 2088 pos/s
  Chunk 25/25 | Progress: 100.0% | Speed: 2550 pos/s

Config KPvK finished. Total kept so far: 367,868

[Config: KQQvK]
Placements to check: 15,249,024 (1525 chunks)
  Chunk 10/1525 | Progress: 0.7% | Speed: 1435 pos/s
  Chunk 20/1525 | Progress: 1.3% | Speed: 2671 pos/s
  Chunk 30/1525 | Progress: 2.0% | Speed: 2811 pos/s
  Chunk 40/1525 | Progress: 2.6% | Speed: 3748 pos/s
  Chunk 50/1525 | Progress: 3.3% | Speed: 4297 pos/s
  Chunk 60/1525 | Progress: 3.9% | Speed: 5157 pos/s
  Chunk 70/1525 | Progress: 4.6% | Speed: 6016 pos/s
  Chunk 80/1525 | Progress: 5.2% | Speed: 5448 pos/s
  Chunk 90/1525 | Progress: 5.9% | Speed: 6129 pos/s
  Chunk 100/1525 | Progress: 6.6% | Speed: 6167 pos/s
  Chunk 110/1525 | Progress: 7.2% | Speed: 6545 pos/s
  Chunk 120/1525 | Progress: 7.9% | Speed: 6307 pos/s
  Chunk 130/1525 | Progress: 8.5% | Speed: 6523 pos/s
  Chunk 140/1525 | Progress: 9.2% | Speed: 7025 pos/s
  Chunk 150/1525 | Progress: 9.8% | Speed: 6365 pos/s
  Chunk 160/1525 | Progress: 10.5% | Speed: 6790 pos/s
  Chunk 170/1525 | Progress: 11.1% | Speed: 5563 pos/s
  Chunk 180/1525 | Progress: 11.8% | Speed: 5890 pos/s
  Chunk 190/1525 | Progress: 12.5% | Speed: 6217 pos/s
  Chunk 200/1525 | Progress: 13.1% | Speed: 5517 pos/s
  Chunk 210/1525 | Progress: 13.8% | Speed: 5792 pos/s
  Chunk 220/1525 | Progress: 14.4% | Speed: 5407 pos/s
  Chunk 230/1525 | Progress: 15.1% | Speed: 5653 pos/s
  Chunk 240/1525 | Progress: 15.7% | Speed: 5898 pos/s
  Chunk 250/1525 | Progress: 16.4% | Speed: 6144 pos/s
  Chunk 260/1525 | Progress: 17.0% | Speed: 6389 pos/s
  Chunk 270/1525 | Progress: 17.7% | Speed: 6206 pos/s
  Chunk 280/1525 | Progress: 18.4% | Speed: 6357 pos/s
  Chunk 290/1525 | Progress: 19.0% | Speed: 6272 pos/s
  Chunk 300/1525 | Progress: 19.7% | Speed: 6408 pos/s
  Chunk 310/1525 | Progress: 20.3% | Speed: 6415 pos/s
  Chunk 320/1525 | Progress: 21.0% | Speed: 6321 pos/s
  Chunk 330/1525 | Progress: 21.6% | Speed: 6488 pos/s
  Chunk 340/1525 | Progress: 22.3% | Speed: 6382 pos/s
  Chunk 350/1525 | Progress: 23.0% | Speed: 6507 pos/s
  Chunk 360/1525 | Progress: 23.6% | Speed: 5999 pos/s
  Chunk 370/1525 | Progress: 24.3% | Speed: 6166 pos/s
  Chunk 380/1525 | Progress: 24.9% | Speed: 6332 pos/s
  Chunk 390/1525 | Progress: 25.6% | Speed: 6220 pos/s
  Chunk 400/1525 | Progress: 26.2% | Speed: 6380 pos/s
  Chunk 410/1525 | Progress: 26.9% | Speed: 6278 pos/s
  Chunk 420/1525 | Progress: 27.5% | Speed: 6431 pos/s
  Chunk 430/1525 | Progress: 28.2% | Speed: 6149 pos/s
  Chunk 440/1525 | Progress: 28.9% | Speed: 6292 pos/s
  Chunk 450/1525 | Progress: 29.5% | Speed: 6435 pos/s
  Chunk 460/1525 | Progress: 30.2% | Speed: 5872 pos/s
  Chunk 470/1525 | Progress: 30.8% | Speed: 6000 pos/s
  Chunk 480/1525 | Progress: 31.5% | Speed: 6033 pos/s
  Chunk 490/1525 | Progress: 32.1% | Speed: 6159 pos/s
  Chunk 500/1525 | Progress: 32.8% | Speed: 6285 pos/s
